  [1m[35m (2.0ms)[0m  [1m[34mSELECT sqlite_version(*)[0m
  [1m[35m (1.2ms)[0m  [1m[35mCREATE TABLE "schema_migrations" ("version" varchar NOT NULL PRIMARY KEY)[0m
  [1m[35m (1.1ms)[0m  [1m[35mCREATE TABLE "ar_internal_metadata" ("key" varchar NOT NULL PRIMARY KEY, "value" varchar, "created_at" datetime(6) NOT NULL, "updated_at" datetime(6) NOT NULL)[0m
  [1m[35m (0.1ms)[0m  [1m[34mSELECT "schema_migrations"."version" FROM "schema_migrations" ORDER BY "schema_migrations"."version" ASC[0m
Migrating to CreatePlaylists (20210216162620)
  [1m[36mTRANSACTION (0.1ms)[0m  [1m[36mbegin transaction[0m
  [1m[35m (0.5ms)[0m  [1m[35mCREATE TABLE "playlists" ("id" integer PRIMARY KEY AUTOINCREMENT NOT NULL, "name" varchar, "created_at" datetime(6) NOT NULL, "updated_at" datetime(6) NOT NULL)[0m
  [1m[36mActiveRecord::SchemaMigration Create (0.2ms)[0m  [1m[32mINSERT INTO "schema_migrations" ("version") VALUES (?)[0m  [["version", "20210216162620"]]
  [1m[36mTRANSACTION (0.9ms)[0m  [1m[36mcommit transaction[0m
Migrating to CreateUsers (20210216162655)
  [1m[36mTRANSACTION (0.1ms)[0m  [1m[36mbegin transaction[0m
  [1m[35m (0.8ms)[0m  [1m[35mCREATE TABLE "users" ("id" integer PRIMARY KEY AUTOINCREMENT NOT NULL, "name" varchar, "created_at" datetime(6) NOT NULL, "updated_at" datetime(6) NOT NULL)[0m
  [1m[36mActiveRecord::SchemaMigration Create (0.2ms)[0m  [1m[32mINSERT INTO "schema_migrations" ("version") VALUES (?)[0m  [["version", "20210216162655"]]
  [1m[36mTRANSACTION (0.9ms)[0m  [1m[36mcommit transaction[0m
  [1m[36mActiveRecord::InternalMetadata Load (0.2ms)[0m  [1m[34mSELECT "ar_internal_metadata".* FROM "ar_internal_metadata" WHERE "ar_internal_metadata"."key" = ? LIMIT ?[0m  [["key", "environment"], ["LIMIT", 1]]
  [1m[36mTRANSACTION (0.1ms)[0m  [1m[36mbegin transaction[0m
  [1m[36mActiveRecord::InternalMetadata Create (0.6ms)[0m  [1m[32mINSERT INTO "ar_internal_metadata" ("key", "value", "created_at", "updated_at") VALUES (?, ?, ?, ?)[0m  [["key", "environment"], ["value", "development"], ["created_at", "2021-02-16 16:27:35.810878"], ["updated_at", "2021-02-16 16:27:35.810878"]]
  [1m[36mTRANSACTION (1.7ms)[0m  [1m[36mcommit transaction[0m
  [1m[35m (0.1ms)[0m  [1m[34mSELECT sqlite_version(*)[0m
  [1m[35m (0.1ms)[0m  [1m[34mSELECT "schema_migrations"."version" FROM "schema_migrations" ORDER BY "schema_migrations"."version" ASC[0m
  [1m[35m (1.3ms)[0m  [1m[34mSELECT sqlite_version(*)[0m
  [1m[35m (0.8ms)[0m  [1m[34mSELECT "schema_migrations"."version" FROM "schema_migrations" ORDER BY "schema_migrations"."version" ASC[0m
  [1m[35m (0.9ms)[0m  [1m[34mSELECT sqlite_version(*)[0m
  [1m[35m (0.6ms)[0m  [1m[34mSELECT "schema_migrations"."version" FROM "schema_migrations" ORDER BY "schema_migrations"."version" ASC[0m
  [1m[35m (0.1ms)[0m  [1m[34mSELECT sqlite_version(*)[0m
Started GET "/" for ::1 at 2021-02-16 10:43:27 -0600
  [1m[35m (0.9ms)[0m  [1m[34mSELECT sqlite_version(*)[0m
  [1m[35m (0.4ms)[0m  [1m[34mSELECT "schema_migrations"."version" FROM "schema_migrations" ORDER BY "schema_migrations"."version" ASC[0m
Processing by Rails::WelcomeController#index as HTML
  Rendering /Users/jerrybrown/.rvm/gems/ruby-2.6.1/gems/railties-6.1.2.1/lib/rails/templates/rails/welcome/index.html.erb
  Rendered /Users/jerrybrown/.rvm/gems/ruby-2.6.1/gems/railties-6.1.2.1/lib/rails/templates/rails/welcome/index.html.erb (Duration: 10.6ms | Allocations: 480)
Completed 200 OK in 41ms (Views: 20.9ms | ActiveRecord: 0.0ms | Allocations: 4151)


Started GET "/favicon.ico" for ::1 at 2021-02-16 10:43:28 -0600
  
ActionController::RoutingError (No route matches [GET] "/favicon.ico"):
  
Started GET "/projects" for ::1 at 2021-02-16 10:43:38 -0600
  
ActionController::RoutingError (No route matches [GET] "/projects"):
  
Started GET "/playlists" for ::1 at 2021-02-16 10:43:41 -0600
Processing by PlaylistsController#index as HTML
  [1m[36mPlaylist Load (0.6ms)[0m  [1m[34mSELECT "playlists".* FROM "playlists"[0m
  ↳ app/controllers/playlists_controller.rb:4:in `index'
Completed 200 OK in 7ms (Views: 1.7ms | ActiveRecord: 0.6ms | Allocations: 1969)


Started GET "/playlists.json" for ::1 at 2021-02-16 10:43:51 -0600
Processing by PlaylistsController#index as JSON
  [1m[36mPlaylist Load (0.1ms)[0m  [1m[34mSELECT "playlists".* FROM "playlists"[0m
  ↳ app/controllers/playlists_controller.rb:4:in `index'
Completed 200 OK in 1ms (Views: 1.0ms | ActiveRecord: 0.1ms | Allocations: 594)


  [1m[35m (0.6ms)[0m  [1m[34mSELECT sqlite_version(*)[0m
  [1m[36mPlaylist Load (0.1ms)[0m  [1m[34mSELECT "playlists".* FROM "playlists" ORDER BY "playlists"."id" ASC LIMIT ?[0m  [["LIMIT", 1]]
  [1m[35m (0.3ms)[0m  [1m[34mSELECT sqlite_version(*)[0m
  [1m[35m (0.1ms)[0m  [1m[34mSELECT "schema_migrations"."version" FROM "schema_migrations" ORDER BY "schema_migrations"."version" ASC[0m
  [1m[35m (0.1ms)[0m  [1m[34mSELECT sqlite_version(*)[0m
  [1m[35m (0.6ms)[0m  [1m[34mSELECT sqlite_version(*)[0m
  [1m[36mPlaylist Load (0.1ms)[0m  [1m[34mSELECT "playlists".* FROM "playlists" ORDER BY "playlists"."id" ASC LIMIT ?[0m  [["LIMIT", 1]]
  [1m[35m (0.3ms)[0m  [1m[34mSELECT sqlite_version(*)[0m
  [1m[35m (0.1ms)[0m  [1m[34mSELECT "schema_migrations"."version" FROM "schema_migrations" ORDER BY "schema_migrations"."version" ASC[0m
  [1m[35m (0.0ms)[0m  [1m[34mSELECT sqlite_version(*)[0m
  [1m[35m (0.5ms)[0m  [1m[34mSELECT sqlite_version(*)[0m
  [1m[36mPlaylist Load (0.2ms)[0m  [1m[34mSELECT "playlists".* FROM "playlists" ORDER BY "playlists"."id" ASC LIMIT ?[0m  [["LIMIT", 1]]
  [1m[35m (0.4ms)[0m  [1m[34mSELECT sqlite_version(*)[0m
  [1m[36mPlaylist Load (0.3ms)[0m  [1m[34mSELECT "playlists".* FROM "playlists" ORDER BY "playlists"."id" ASC LIMIT ?[0m  [["LIMIT", 1]]
  [1m[35m (0.3ms)[0m  [1m[34mSELECT sqlite_version(*)[0m
  [1m[35m (0.1ms)[0m  [1m[34mSELECT "schema_migrations"."version" FROM "schema_migrations" ORDER BY "schema_migrations"."version" ASC[0m
  [1m[35m (0.0ms)[0m  [1m[34mSELECT sqlite_version(*)[0m
  [1m[36mTRANSACTION (0.0ms)[0m  [1m[36mbegin transaction[0m
  [1m[36mUser Create (2.0ms)[0m  [1m[32mINSERT INTO "users" ("name", "created_at", "updated_at") VALUES (?, ?, ?)[0m  [["name", "Jerry"], ["created_at", "2021-02-16 16:48:52.720135"], ["updated_at", "2021-02-16 16:48:52.720135"]]
  [1m[36mTRANSACTION (0.7ms)[0m  [1m[36mcommit transaction[0m
  [1m[35m (0.6ms)[0m  [1m[34mSELECT sqlite_version(*)[0m
  [1m[36mTRANSACTION (0.2ms)[0m  [1m[36mbegin transaction[0m
  [1m[36mUser Create (0.8ms)[0m  [1m[32mINSERT INTO "users" ("name", "created_at", "updated_at") VALUES (?, ?, ?)[0m  [["name", "Jerry"], ["created_at", "2021-02-16 16:49:06.695969"], ["updated_at", "2021-02-16 16:49:06.695969"]]
  [1m[36mTRANSACTION (1.3ms)[0m  [1m[36mcommit transaction[0m
  [1m[36mPlaylist Load (0.2ms)[0m  [1m[34mSELECT "playlists".* FROM "playlists" ORDER BY "playlists"."id" ASC LIMIT ?[0m  [["LIMIT", 1]]
  [1m[36mUser Load (0.3ms)[0m  [1m[34mSELECT "users".* FROM "users" ORDER BY "users"."id" ASC LIMIT ?[0m  [["LIMIT", 1]]
  [1m[36mUser Load (0.3ms)[0m  [1m[34mSELECT "users".* FROM "users" ORDER BY "users"."id" ASC LIMIT ?[0m  [["LIMIT", 1]]
  [1m[36mUser Load (0.2ms)[0m  [1m[34mSELECT "users".* FROM "users" ORDER BY "users"."id" ASC LIMIT ?[0m  [["LIMIT", 1]]
  [1m[35m (0.3ms)[0m  [1m[34mSELECT sqlite_version(*)[0m
  [1m[35m (0.1ms)[0m  [1m[34mSELECT "schema_migrations"."version" FROM "schema_migrations" ORDER BY "schema_migrations"."version" ASC[0m
Migrating to AddUserToPlaylists (20210216165127)
  [1m[36mTRANSACTION (0.1ms)[0m  [1m[36mbegin transaction[0m
  [1m[35m (0.5ms)[0m  [1m[35mALTER TABLE "playlists" ADD "user_id" integer[0m
  [1m[36mActiveRecord::SchemaMigration Create (0.3ms)[0m  [1m[32mINSERT INTO "schema_migrations" ("version") VALUES (?)[0m  [["version", "20210216165127"]]
  [1m[36mTRANSACTION (0.7ms)[0m  [1m[36mcommit transaction[0m
  [1m[36mActiveRecord::InternalMetadata Load (0.3ms)[0m  [1m[34mSELECT "ar_internal_metadata".* FROM "ar_internal_metadata" WHERE "ar_internal_metadata"."key" = ? LIMIT ?[0m  [["key", "environment"], ["LIMIT", 1]]
  [1m[35m (0.1ms)[0m  [1m[34mSELECT sqlite_version(*)[0m
  [1m[35m (0.1ms)[0m  [1m[34mSELECT "schema_migrations"."version" FROM "schema_migrations" ORDER BY "schema_migrations"."version" ASC[0m
  [1m[35m (0.3ms)[0m  [1m[34mSELECT sqlite_version(*)[0m
  [1m[35m (0.1ms)[0m  [1m[34mSELECT "schema_migrations"."version" FROM "schema_migrations" ORDER BY "schema_migrations"."version" ASC[0m
  [1m[36mActiveRecord::InternalMetadata Load (0.1ms)[0m  [1m[34mSELECT "ar_internal_metadata".* FROM "ar_internal_metadata" WHERE "ar_internal_metadata"."key" = ? LIMIT ?[0m  [["key", "environment"], ["LIMIT", 1]]
  [1m[35m (0.0ms)[0m  [1m[34mSELECT sqlite_version(*)[0m
  [1m[35m (0.1ms)[0m  [1m[34mSELECT "schema_migrations"."version" FROM "schema_migrations" ORDER BY "schema_migrations"."version" ASC[0m
  [1m[35m (0.4ms)[0m  [1m[34mSELECT sqlite_version(*)[0m
  [1m[36mPlaylist Load (0.5ms)[0m  [1m[34mSELECT "playlists".* FROM "playlists" ORDER BY "playlists"."id" ASC LIMIT ?[0m  [["LIMIT", 1]]
  [1m[36mUser Load (0.2ms)[0m  [1m[34mSELECT "users".* FROM "users" ORDER BY "users"."id" ASC LIMIT ?[0m  [["LIMIT", 1]]
  [1m[36mUser Load (0.3ms)[0m  [1m[34mSELECT "users".* FROM "users" ORDER BY "users"."id" ASC LIMIT ?[0m  [["LIMIT", 1]]
  [1m[36mTRANSACTION (0.1ms)[0m  [1m[36mbegin transaction[0m
  [1m[36mPlaylist Create (0.7ms)[0m  [1m[32mINSERT INTO "playlists" ("name", "created_at", "updated_at", "user_id") VALUES (?, ?, ?, ?)[0m  [["name", "Slow Jogs"], ["created_at", "2021-02-16 16:52:45.300181"], ["updated_at", "2021-02-16 16:52:45.300181"], ["user_id", 1]]
  [1m[36mTRANSACTION (1.6ms)[0m  [1m[36mcommit transaction[0m
  [1m[36mPlaylist Load (0.3ms)[0m  [1m[34mSELECT "playlists".* FROM "playlists" ORDER BY "playlists"."id" ASC LIMIT ?[0m  [["LIMIT", 1]]
  [1m[36mPlaylist Load (0.3ms)[0m  [1m[34mSELECT "playlists".* FROM "playlists"[0m
  [1m[36mTRANSACTION (0.1ms)[0m  [1m[36mbegin transaction[0m
  [1m[36mPlaylist Destroy (0.4ms)[0m  [1m[31mDELETE FROM "playlists" WHERE "playlists"."id" = ?[0m  [["id", 1]]
  [1m[36mTRANSACTION (0.9ms)[0m  [1m[36mcommit transaction[0m
  [1m[36mPlaylist Load (0.3ms)[0m  [1m[34mSELECT "playlists".* FROM "playlists" ORDER BY "playlists"."id" ASC LIMIT ?[0m  [["LIMIT", 1]]
  [1m[36mUser Load (0.4ms)[0m  [1m[34mSELECT "users".* FROM "users"[0m
  [1m[36mTRANSACTION (0.1ms)[0m  [1m[36mbegin transaction[0m
  [1m[36mUser Destroy (0.8ms)[0m  [1m[31mDELETE FROM "users" WHERE "users"."id" = ?[0m  [["id", 1]]
  [1m[36mTRANSACTION (1.8ms)[0m  [1m[36mcommit transaction[0m
  [1m[36mTRANSACTION (0.1ms)[0m  [1m[36mbegin transaction[0m
  [1m[36mUser Destroy (0.5ms)[0m  [1m[31mDELETE FROM "users" WHERE "users"."id" = ?[0m  [["id", 2]]
  [1m[36mTRANSACTION (0.9ms)[0m  [1m[36mcommit transaction[0m
  [1m[36mUser Load (0.3ms)[0m  [1m[34mSELECT "users".* FROM "users" ORDER BY "users"."id" ASC LIMIT ?[0m  [["LIMIT", 1]]
  [1m[35m (0.3ms)[0m  [1m[34mSELECT sqlite_version(*)[0m
  [1m[35m (0.1ms)[0m  [1m[34mSELECT "schema_migrations"."version" FROM "schema_migrations" ORDER BY "schema_migrations"."version" ASC[0m
  [1m[35m (0.0ms)[0m  [1m[34mSELECT sqlite_version(*)[0m
  [1m[36mTRANSACTION (0.0ms)[0m  [1m[36mbegin transaction[0m
  [1m[36mUser Create (0.4ms)[0m  [1m[32mINSERT INTO "users" ("name", "created_at", "updated_at") VALUES (?, ?, ?)[0m  [["name", "Jerry"], ["created_at", "2021-02-16 16:56:19.857395"], ["updated_at", "2021-02-16 16:56:19.857395"]]
  [1m[36mTRANSACTION (1.6ms)[0m  [1m[36mcommit transaction[0m
  [1m[36mTRANSACTION (0.0ms)[0m  [1m[36mbegin transaction[0m
  [1m[36mPlaylist Create (0.5ms)[0m  [1m[32mINSERT INTO "playlists" ("name", "created_at", "updated_at", "user_id") VALUES (?, ?, ?, ?)[0m  [["name", "Slow Jogs"], ["created_at", "2021-02-16 16:56:19.867772"], ["updated_at", "2021-02-16 16:56:19.867772"], ["user_id", 3]]
  [1m[36mTRANSACTION (1.7ms)[0m  [1m[36mcommit transaction[0m
  [1m[36mTRANSACTION (0.0ms)[0m  [1m[36mbegin transaction[0m
  [1m[36mPlaylist Create (0.3ms)[0m  [1m[32mINSERT INTO "playlists" ("name", "created_at", "updated_at", "user_id") VALUES (?, ?, ?, ?)[0m  [["name", "Hip Hop Speed Work"], ["created_at", "2021-02-16 16:56:19.873266"], ["updated_at", "2021-02-16 16:56:19.873266"], ["user_id", 3]]
  [1m[36mTRANSACTION (0.7ms)[0m  [1m[36mcommit transaction[0m
  [1m[36mTRANSACTION (0.0ms)[0m  [1m[36mbegin transaction[0m
  [1m[36mPlaylist Create (0.2ms)[0m  [1m[32mINSERT INTO "playlists" ("name", "created_at", "updated_at", "user_id") VALUES (?, ?, ?, ?)[0m  [["name", "Interval Training"], ["created_at", "2021-02-16 16:56:19.876784"], ["updated_at", "2021-02-16 16:56:19.876784"], ["user_id", 3]]
  [1m[36mTRANSACTION (1.3ms)[0m  [1m[36mcommit transaction[0m
  [1m[36mTRANSACTION (0.0ms)[0m  [1m[36mbegin transaction[0m
  [1m[36mPlaylist Create (0.3ms)[0m  [1m[32mINSERT INTO "playlists" ("name", "created_at", "updated_at", "user_id") VALUES (?, ?, ?, ?)[0m  [["name", "Cool Down Tunes"], ["created_at", "2021-02-16 16:56:19.880386"], ["updated_at", "2021-02-16 16:56:19.880386"], ["user_id", 3]]
  [1m[36mTRANSACTION (0.7ms)[0m  [1m[36mcommit transaction[0m
  [1m[36mTRANSACTION (0.0ms)[0m  [1m[36mbegin transaction[0m
  [1m[36mPlaylist Create (0.3ms)[0m  [1m[32mINSERT INTO "playlists" ("name", "created_at", "updated_at", "user_id") VALUES (?, ?, ?, ?)[0m  [["name", "190 BPM"], ["created_at", "2021-02-16 16:56:19.883333"], ["updated_at", "2021-02-16 16:56:19.883333"], ["user_id", 3]]
  [1m[36mTRANSACTION (0.8ms)[0m  [1m[36mcommit transaction[0m
  [1m[36mTRANSACTION (0.0ms)[0m  [1m[36mbegin transaction[0m
  [1m[36mPlaylist Create (0.3ms)[0m  [1m[32mINSERT INTO "playlists" ("name", "created_at", "updated_at", "user_id") VALUES (?, ?, ?, ?)[0m  [["name", "180 BPM"], ["created_at", "2021-02-16 16:56:19.886505"], ["updated_at", "2021-02-16 16:56:19.886505"], ["user_id", 3]]
  [1m[36mTRANSACTION (0.8ms)[0m  [1m[36mcommit transaction[0m
  [1m[36mTRANSACTION (0.1ms)[0m  [1m[36mbegin transaction[0m
  [1m[36mPlaylist Create (0.5ms)[0m  [1m[32mINSERT INTO "playlists" ("name", "created_at", "updated_at", "user_id") VALUES (?, ?, ?, ?)[0m  [["name", "170 BPM"], ["created_at", "2021-02-16 16:56:19.892057"], ["updated_at", "2021-02-16 16:56:19.892057"], ["user_id", 3]]
  [1m[36mTRANSACTION (2.5ms)[0m  [1m[36mcommit transaction[0m
  [1m[36mTRANSACTION (0.1ms)[0m  [1m[36mbegin transaction[0m
  [1m[36mPlaylist Create (0.6ms)[0m  [1m[32mINSERT INTO "playlists" ("name", "created_at", "updated_at", "user_id") VALUES (?, ?, ?, ?)[0m  [["name", "Sprints"], ["created_at", "2021-02-16 16:56:19.916750"], ["updated_at", "2021-02-16 16:56:19.916750"], ["user_id", 3]]
  [1m[36mTRANSACTION (1.1ms)[0m  [1m[36mcommit transaction[0m
  [1m[36mTRANSACTION (0.1ms)[0m  [1m[36mbegin transaction[0m
  [1m[36mPlaylist Create (0.5ms)[0m  [1m[32mINSERT INTO "playlists" ("name", "created_at", "updated_at", "user_id") VALUES (?, ?, ?, ?)[0m  [["name", "Jogging to Paul Simon"], ["created_at", "2021-02-16 16:56:19.922555"], ["updated_at", "2021-02-16 16:56:19.922555"], ["user_id", 3]]
  [1m[36mTRANSACTION (1.0ms)[0m  [1m[36mcommit transaction[0m
  [1m[36mTRANSACTION (0.0ms)[0m  [1m[36mbegin transaction[0m
  [1m[36mPlaylist Create (0.5ms)[0m  [1m[32mINSERT INTO "playlists" ("name", "created_at", "updated_at", "user_id") VALUES (?, ?, ?, ?)[0m  [["name", "Rock N Roll @ 180 BPM"], ["created_at", "2021-02-16 16:56:19.927689"], ["updated_at", "2021-02-16 16:56:19.927689"], ["user_id", 3]]
  [1m[36mTRANSACTION (1.1ms)[0m  [1m[36mcommit transaction[0m
  [1m[36mTRANSACTION (0.1ms)[0m  [1m[36mbegin transaction[0m
  [1m[36mPlaylist Create (0.5ms)[0m  [1m[32mINSERT INTO "playlists" ("name", "created_at", "updated_at", "user_id") VALUES (?, ?, ?, ?)[0m  [["name", "Heavy Metal Intervals"], ["created_at", "2021-02-16 16:56:19.932750"], ["updated_at", "2021-02-16 16:56:19.932750"], ["user_id", 3]]
  [1m[36mTRANSACTION (1.0ms)[0m  [1m[36mcommit transaction[0m
  [1m[35m (0.6ms)[0m  [1m[34mSELECT sqlite_version(*)[0m
  [1m[36mPlaylist Load (0.6ms)[0m  [1m[34mSELECT "playlists".* FROM "playlists" ORDER BY "playlists"."id" ASC LIMIT ?[0m  [["LIMIT", 1]]
Started GET "/playlists.json" for ::1 at 2021-02-16 11:00:13 -0600
  [1m[35m (0.4ms)[0m  [1m[34mSELECT sqlite_version(*)[0m
  [1m[35m (0.1ms)[0m  [1m[34mSELECT "schema_migrations"."version" FROM "schema_migrations" ORDER BY "schema_migrations"."version" ASC[0m
Processing by PlaylistsController#index as JSON
  [1m[36mPlaylist Load (0.3ms)[0m  [1m[34mSELECT "playlists".* FROM "playlists"[0m
  ↳ app/controllers/playlists_controller.rb:4:in `index'
Completed 200 OK in 21ms (Views: 8.1ms | ActiveRecord: 1.6ms | Allocations: 9013)


Started GET "/playlists" for ::1 at 2021-02-16 11:00:16 -0600
Processing by PlaylistsController#index as HTML
  [1m[36mPlaylist Load (0.1ms)[0m  [1m[34mSELECT "playlists".* FROM "playlists"[0m
  ↳ app/controllers/playlists_controller.rb:4:in `index'
Completed 200 OK in 4ms (Views: 3.5ms | ActiveRecord: 0.1ms | Allocations: 1861)


Started GET "/playlists" for ::1 at 2021-02-16 11:01:42 -0600
Processing by PlaylistsController#index as HTML
  [1m[35m (0.1ms)[0m  [1m[34mSELECT sqlite_version(*)[0m
  ↳ app/controllers/playlists_controller.rb:4:in `index'
  [1m[36mPlaylist Load (0.2ms)[0m  [1m[34mSELECT "playlists".* FROM "playlists"[0m
  ↳ app/controllers/playlists_controller.rb:4:in `index'
Completed 200 OK in 14ms (Views: 12.7ms | ActiveRecord: 2.3ms | Allocations: 5724)


Started GET "/playlists" for ::1 at 2021-02-16 11:09:09 -0600
Processing by PlaylistsController#index as HTML
Completed 500 Internal Server Error in 9ms (Allocations: 2023)


  
NameError (uninitialized constant PlaylistsController::PlaylistSerializer):
  
app/controllers/playlists_controller.rb:4:in `index'
Started GET "/playlists" for ::1 at 2021-02-16 11:09:27 -0600
  [1m[35m (1.0ms)[0m  [1m[34mSELECT sqlite_version(*)[0m
  [1m[35m (0.5ms)[0m  [1m[34mSELECT "schema_migrations"."version" FROM "schema_migrations" ORDER BY "schema_migrations"."version" ASC[0m
Processing by PlaylistsController#index as HTML
  [1m[36mPlaylist Load (0.7ms)[0m  [1m[34mSELECT "playlists".* FROM "playlists"[0m
  ↳ app/controllers/playlists_controller.rb:4:in `index'
Completed 200 OK in 42ms (Views: 7.4ms | ActiveRecord: 1.2ms | Allocations: 8005)


Started GET "/playlists" for ::1 at 2021-02-16 11:10:21 -0600
Processing by PlaylistsController#index as HTML
  [1m[35m (0.1ms)[0m  [1m[34mSELECT sqlite_version(*)[0m
  ↳ app/controllers/playlists_controller.rb:4:in `index'
  [1m[36mPlaylist Load (0.5ms)[0m  [1m[34mSELECT "playlists".* FROM "playlists"[0m
  ↳ app/controllers/playlists_controller.rb:4:in `index'
Completed 200 OK in 10ms (Views: 7.7ms | ActiveRecord: 1.3ms | Allocations: 5529)


Started GET "/playlists" for ::1 at 2021-02-16 11:47:15 -0600
  [1m[35m (2.2ms)[0m  [1m[34mSELECT sqlite_version(*)[0m
  [1m[35m (0.5ms)[0m  [1m[34mSELECT "schema_migrations"."version" FROM "schema_migrations" ORDER BY "schema_migrations"."version" ASC[0m
Processing by PlaylistsController#index as */*
  [1m[36mPlaylist Load (0.8ms)[0m  [1m[34mSELECT "playlists".* FROM "playlists"[0m
  ↳ app/controllers/playlists_controller.rb:4:in `index'
Completed 200 OK in 56ms (Views: 8.5ms | ActiveRecord: 1.4ms | Allocations: 8101)


Started GET "/playlists" for ::1 at 2021-02-16 11:47:18 -0600
Processing by PlaylistsController#index as */*
  [1m[36mPlaylist Load (0.8ms)[0m  [1m[34mSELECT "playlists".* FROM "playlists"[0m
  ↳ app/controllers/playlists_controller.rb:4:in `index'
Completed 200 OK in 4ms (Views: 2.9ms | ActiveRecord: 0.8ms | Allocations: 1474)


Started GET "/playlists" for ::1 at 2021-02-16 11:47:26 -0600
Processing by PlaylistsController#index as */*
  [1m[36mPlaylist Load (0.2ms)[0m  [1m[34mSELECT "playlists".* FROM "playlists"[0m
  ↳ app/controllers/playlists_controller.rb:4:in `index'
Completed 200 OK in 3ms (Views: 2.3ms | ActiveRecord: 0.2ms | Allocations: 1474)


Started GET "/playlists" for ::1 at 2021-02-16 11:50:44 -0600
Processing by PlaylistsController#index as */*
  [1m[36mPlaylist Load (0.3ms)[0m  [1m[34mSELECT "playlists".* FROM "playlists"[0m
  ↳ app/controllers/playlists_controller.rb:4:in `index'
Completed 200 OK in 5ms (Views: 4.6ms | ActiveRecord: 0.3ms | Allocations: 1474)


Started GET "/playlists" for ::1 at 2021-02-16 11:54:27 -0600
Processing by PlaylistsController#index as */*
  [1m[36mPlaylist Load (0.4ms)[0m  [1m[34mSELECT "playlists".* FROM "playlists"[0m
  ↳ app/controllers/playlists_controller.rb:4:in `index'
Completed 200 OK in 4ms (Views: 3.4ms | ActiveRecord: 0.4ms | Allocations: 1474)


Started GET "/playlists" for ::1 at 2021-02-16 11:56:07 -0600
Processing by PlaylistsController#index as */*
  [1m[36mPlaylist Load (0.2ms)[0m  [1m[34mSELECT "playlists".* FROM "playlists"[0m
  ↳ app/controllers/playlists_controller.rb:4:in `index'
Completed 200 OK in 3ms (Views: 2.1ms | ActiveRecord: 0.2ms | Allocations: 1456)


Started GET "/playlists" for ::1 at 2021-02-16 12:57:34 -0600
Processing by PlaylistsController#index as */*
  [1m[35m (0.2ms)[0m  [1m[34mSELECT sqlite_version(*)[0m
  ↳ app/controllers/playlists_controller.rb:4:in `index'
  [1m[36mPlaylist Load (0.7ms)[0m  [1m[34mSELECT "playlists".* FROM "playlists"[0m
  ↳ app/controllers/playlists_controller.rb:4:in `index'
Completed 200 OK in 16ms (Views: 13.8ms | ActiveRecord: 1.8ms | Allocations: 2049)


Started GET "/playlists" for ::1 at 2021-02-16 12:57:44 -0600
Processing by PlaylistsController#index as */*
  [1m[36mPlaylist Load (0.4ms)[0m  [1m[34mSELECT "playlists".* FROM "playlists"[0m
  ↳ app/controllers/playlists_controller.rb:4:in `index'
Completed 200 OK in 20ms (Views: 14.4ms | ActiveRecord: 0.4ms | Allocations: 1456)


Started GET "/playlists" for ::1 at 2021-02-16 12:57:58 -0600
Processing by PlaylistsController#index as */*
  [1m[36mPlaylist Load (0.3ms)[0m  [1m[34mSELECT "playlists".* FROM "playlists"[0m
  ↳ app/controllers/playlists_controller.rb:4:in `index'
Completed 200 OK in 15ms (Views: 14.5ms | ActiveRecord: 0.3ms | Allocations: 1456)


Started GET "/playlists" for ::1 at 2021-02-16 12:58:06 -0600
Processing by PlaylistsController#index as */*
  [1m[36mPlaylist Load (0.4ms)[0m  [1m[34mSELECT "playlists".* FROM "playlists"[0m
  ↳ app/controllers/playlists_controller.rb:4:in `index'
Completed 200 OK in 11ms (Views: 9.6ms | ActiveRecord: 0.4ms | Allocations: 1456)


Started GET "/playlists" for ::1 at 2021-02-16 12:58:17 -0600
Processing by PlaylistsController#index as */*
  [1m[36mPlaylist Load (0.3ms)[0m  [1m[34mSELECT "playlists".* FROM "playlists"[0m
  ↳ app/controllers/playlists_controller.rb:4:in `index'
Completed 200 OK in 11ms (Views: 10.2ms | ActiveRecord: 0.3ms | Allocations: 1456)


Started GET "/playlists" for ::1 at 2021-02-16 13:03:53 -0600
Processing by PlaylistsController#index as */*
  [1m[36mPlaylist Load (0.2ms)[0m  [1m[34mSELECT "playlists".* FROM "playlists"[0m
  ↳ app/controllers/playlists_controller.rb:4:in `index'
Completed 200 OK in 6ms (Views: 5.7ms | ActiveRecord: 0.2ms | Allocations: 1456)


Started GET "/playlists" for ::1 at 2021-02-16 13:07:43 -0600
Processing by PlaylistsController#index as */*
  [1m[36mPlaylist Load (0.2ms)[0m  [1m[34mSELECT "playlists".* FROM "playlists"[0m
  ↳ app/controllers/playlists_controller.rb:4:in `index'
Completed 200 OK in 5ms (Views: 4.1ms | ActiveRecord: 0.2ms | Allocations: 1456)


Started GET "/playlists" for ::1 at 2021-02-16 13:08:44 -0600
Processing by PlaylistsController#index as */*
  [1m[36mPlaylist Load (0.3ms)[0m  [1m[34mSELECT "playlists".* FROM "playlists"[0m
  ↳ app/controllers/playlists_controller.rb:4:in `index'
Completed 200 OK in 8ms (Views: 7.6ms | ActiveRecord: 0.3ms | Allocations: 1456)


Started GET "/playlists" for ::1 at 2021-02-16 13:09:14 -0600
Processing by PlaylistsController#index as */*
  [1m[36mPlaylist Load (0.2ms)[0m  [1m[34mSELECT "playlists".* FROM "playlists"[0m
  ↳ app/controllers/playlists_controller.rb:4:in `index'
Completed 200 OK in 6ms (Views: 5.6ms | ActiveRecord: 0.2ms | Allocations: 1456)


Started GET "/playlists" for ::1 at 2021-02-16 13:09:33 -0600
Processing by PlaylistsController#index as */*
  [1m[36mPlaylist Load (0.2ms)[0m  [1m[34mSELECT "playlists".* FROM "playlists"[0m
  ↳ app/controllers/playlists_controller.rb:4:in `index'
Completed 200 OK in 4ms (Views: 3.0ms | ActiveRecord: 0.2ms | Allocations: 1456)


Started GET "/playlists" for ::1 at 2021-02-16 13:11:44 -0600
Processing by PlaylistsController#index as */*
  [1m[36mPlaylist Load (0.3ms)[0m  [1m[34mSELECT "playlists".* FROM "playlists"[0m
  ↳ app/controllers/playlists_controller.rb:4:in `index'
Completed 200 OK in 5ms (Views: 4.7ms | ActiveRecord: 0.3ms | Allocations: 1456)


Started GET "/playlists" for ::1 at 2021-02-16 13:12:14 -0600
Processing by PlaylistsController#index as */*
  [1m[36mPlaylist Load (0.4ms)[0m  [1m[34mSELECT "playlists".* FROM "playlists"[0m
  ↳ app/controllers/playlists_controller.rb:4:in `index'
Completed 200 OK in 9ms (Views: 8.4ms | ActiveRecord: 0.4ms | Allocations: 1456)


Started GET "/playlists" for ::1 at 2021-02-16 13:12:19 -0600
Processing by PlaylistsController#index as */*
  [1m[36mPlaylist Load (0.3ms)[0m  [1m[34mSELECT "playlists".* FROM "playlists"[0m
  ↳ app/controllers/playlists_controller.rb:4:in `index'
Completed 200 OK in 8ms (Views: 7.2ms | ActiveRecord: 0.3ms | Allocations: 1456)


Started GET "/playlists" for ::1 at 2021-02-16 13:12:25 -0600
Processing by PlaylistsController#index as */*
  [1m[36mPlaylist Load (0.3ms)[0m  [1m[34mSELECT "playlists".* FROM "playlists"[0m
  ↳ app/controllers/playlists_controller.rb:4:in `index'
Completed 200 OK in 8ms (Views: 7.5ms | ActiveRecord: 0.3ms | Allocations: 1456)


Started GET "/playlists" for ::1 at 2021-02-16 13:13:01 -0600
Processing by PlaylistsController#index as */*
  [1m[36mPlaylist Load (0.2ms)[0m  [1m[34mSELECT "playlists".* FROM "playlists"[0m
  ↳ app/controllers/playlists_controller.rb:4:in `index'
Completed 200 OK in 19ms (Views: 18.1ms | ActiveRecord: 0.2ms | Allocations: 1456)


Started GET "/playlists" for ::1 at 2021-02-16 13:13:18 -0600
Processing by PlaylistsController#index as */*
  [1m[36mPlaylist Load (0.2ms)[0m  [1m[34mSELECT "playlists".* FROM "playlists"[0m
  ↳ app/controllers/playlists_controller.rb:4:in `index'
Completed 200 OK in 4ms (Views: 3.5ms | ActiveRecord: 0.2ms | Allocations: 1457)


Started GET "/playlists" for ::1 at 2021-02-16 13:13:53 -0600
Processing by PlaylistsController#index as */*
  [1m[36mPlaylist Load (0.3ms)[0m  [1m[34mSELECT "playlists".* FROM "playlists"[0m
  ↳ app/controllers/playlists_controller.rb:4:in `index'
Completed 200 OK in 6ms (Views: 4.9ms | ActiveRecord: 0.3ms | Allocations: 1456)


Started GET "/playlists" for ::1 at 2021-02-16 13:14:42 -0600
Processing by PlaylistsController#index as */*
  [1m[36mPlaylist Load (0.2ms)[0m  [1m[34mSELECT "playlists".* FROM "playlists"[0m
  ↳ app/controllers/playlists_controller.rb:4:in `index'
Completed 200 OK in 5ms (Views: 3.8ms | ActiveRecord: 0.2ms | Allocations: 1456)


Started GET "/playlists" for ::1 at 2021-02-16 13:14:48 -0600
Processing by PlaylistsController#index as */*
  [1m[36mPlaylist Load (0.3ms)[0m  [1m[34mSELECT "playlists".* FROM "playlists"[0m
  ↳ app/controllers/playlists_controller.rb:4:in `index'
Completed 200 OK in 3ms (Views: 2.3ms | ActiveRecord: 0.3ms | Allocations: 1456)


Started GET "/playlists" for ::1 at 2021-02-16 13:14:57 -0600
Processing by PlaylistsController#index as */*
  [1m[36mPlaylist Load (0.2ms)[0m  [1m[34mSELECT "playlists".* FROM "playlists"[0m
  ↳ app/controllers/playlists_controller.rb:4:in `index'
Completed 200 OK in 3ms (Views: 2.6ms | ActiveRecord: 0.2ms | Allocations: 1456)


Started GET "/playlists" for ::1 at 2021-02-16 13:15:20 -0600
Processing by PlaylistsController#index as */*
  [1m[36mPlaylist Load (0.2ms)[0m  [1m[34mSELECT "playlists".* FROM "playlists"[0m
  ↳ app/controllers/playlists_controller.rb:4:in `index'
Completed 200 OK in 2ms (Views: 1.7ms | ActiveRecord: 0.2ms | Allocations: 1456)


Started GET "/playlists" for ::1 at 2021-02-16 13:15:38 -0600
Processing by PlaylistsController#index as */*
  [1m[36mPlaylist Load (0.2ms)[0m  [1m[34mSELECT "playlists".* FROM "playlists"[0m
  ↳ app/controllers/playlists_controller.rb:4:in `index'
Completed 200 OK in 3ms (Views: 2.4ms | ActiveRecord: 0.2ms | Allocations: 1456)


Started GET "/playlists" for ::1 at 2021-02-16 15:02:48 -0600
Processing by PlaylistsController#index as */*
  [1m[35m (0.2ms)[0m  [1m[34mSELECT sqlite_version(*)[0m
  ↳ app/controllers/playlists_controller.rb:4:in `index'
  [1m[36mPlaylist Load (3.0ms)[0m  [1m[34mSELECT "playlists".* FROM "playlists"[0m
  ↳ app/controllers/playlists_controller.rb:4:in `index'
Completed 200 OK in 50ms (Views: 46.0ms | ActiveRecord: 7.5ms | Allocations: 2048)


Started GET "/playlists" for ::1 at 2021-02-16 15:03:26 -0600
Processing by PlaylistsController#index as */*
  [1m[36mPlaylist Load (0.2ms)[0m  [1m[34mSELECT "playlists".* FROM "playlists"[0m
  ↳ app/controllers/playlists_controller.rb:4:in `index'
Completed 200 OK in 8ms (Views: 7.7ms | ActiveRecord: 0.2ms | Allocations: 1456)


Started GET "/playlists" for ::1 at 2021-02-16 15:06:04 -0600
Processing by PlaylistsController#index as */*
  [1m[36mPlaylist Load (0.3ms)[0m  [1m[34mSELECT "playlists".* FROM "playlists"[0m
  ↳ app/controllers/playlists_controller.rb:4:in `index'
Completed 200 OK in 6ms (Views: 5.5ms | ActiveRecord: 0.3ms | Allocations: 1456)


Started GET "/playlists" for ::1 at 2021-02-16 15:06:07 -0600
Processing by PlaylistsController#index as */*
  [1m[36mPlaylist Load (0.2ms)[0m  [1m[34mSELECT "playlists".* FROM "playlists"[0m
  ↳ app/controllers/playlists_controller.rb:4:in `index'
Completed 200 OK in 7ms (Views: 6.5ms | ActiveRecord: 0.2ms | Allocations: 1456)


